2024-01-29 19:24:07 - Joker - PUT https://www.ima.co.il
2024-01-29 19:24:07 - Joker - GET https://www.israelhayom.co.il
2024-01-29 19:24:07 - Joker - GET https://www.ynet.co.il
2024-01-29 19:24:07 - Joker - POST https://www.haaretz.co.il
2024-01-29 19:24:07 - Joker - POST https://www.jpost.com
2024-01-29 19:24:07 - Joker - PUT https://www.haaretz.co.il
2024-01-29 19:24:07 - Joker - DELETE https://www.ima.co.il
2024-01-29 19:24:07 - Joker - PUT https://www.mako.co.il
2024-01-29 19:24:07 - Joker - GET https://www.calcalist.co.il
2024-01-29 19:24:07 - Joker - PUT https://www.israelhayom.co.il
2024-01-29 19:24:07 - Joker - GET https://www.globes.co.il
2024-01-29 19:24:07 - Joker - PUT https://www.globes.co.il
2024-01-29 19:24:07 - Joker - GET https://www.globes.co.il
2024-01-29 19:24:07 - Joker - PUT https://www.jpost.com
2024-01-29 19:24:07 - Joker - POST https://www.calcalist.co.il
2024-01-29 19:24:07 - Joker - PUT https://www.ima.co.il
2024-01-29 19:24:07 - Joker - GET https://www.jpost.com
2024-01-29 19:24:07 - Joker - DELETE https://www.calcalist.co.il
2024-01-29 19:24:07 - Joker - DELETE https://www.ynet.co.il
2024-01-29 19:24:07 - Joker - PUT https://www.calcalist.co.il
2024-01-29 19:24:07 - Joker - DELETE https://www.ima.co.il
2024-01-29 19:24:07 - Joker - DELETE https://www.ynet.co.il
2024-01-29 19:24:07 - Joker - PUT https://www.calcalist.co.il
2024-01-29 19:24:07 - Joker - GET https://www.mako.co.il
2024-01-29 19:24:07 - Joker - PUT https://www.ima.co.il
2024-01-29 19:24:07 - Joker - DELETE https://www.mako.co.il
2024-01-29 19:24:07 - Joker - POST https://www.ima.co.il
2024-01-29 19:24:07 - Joker - POST https://www.jpost.com
2024-01-29 19:24:07 - Joker - GET https://www.haaretz.co.il
2024-01-29 19:24:07 - Joker - GET https://www.ima.co.il
2024-01-29 19:24:07 - Joker - GET https://www.calcalist.co.il
2024-01-29 19:24:07 - Joker - PUT https://www.globes.co.il
2024-01-29 19:24:07 - Joker - DELETE https://www.israelhayom.co.il
2024-01-29 19:24:07 - Joker - DELETE https://www.globes.co.il
2024-01-29 19:24:07 - Joker - GET https://www.calcalist.co.il
2024-01-29 19:24:07 - Joker - GET https://www.calcalist.co.il
2024-01-29 19:24:07 - Joker - DELETE https://www.mako.co.il
2024-01-29 19:24:07 - Joker - GET https://www.israelhayom.co.il
2024-01-29 19:24:07 - Joker - DELETE https://www.ynet.co.il
2024-01-29 19:24:07 - Joker - PUT https://www.ynet.co.il
2024-01-29 19:24:07 - Joker - DELETE https://www.calcalist.co.il
2024-01-29 19:24:07 - Joker - POST https://www.calcalist.co.il
2024-01-29 19:24:07 - Joker - GET https://www.ima.co.il
2024-01-29 19:24:07 - Joker - GET https://www.calcalist.co.il
2024-01-29 19:24:07 - Joker - GET https://www.mako.co.il
2024-01-29 19:24:07 - Joker - PUT https://www.haaretz.co.il
2024-01-29 19:24:07 - Joker - GET https://www.ima.co.il
2024-01-29 19:24:07 - Joker - DELETE https://www.jpost.com
2024-01-29 19:24:07 - Joker - GET https://www.mako.co.il
2024-01-29 19:24:07 - Joker - GET https://www.haaretz.co.il
2024-01-29 19:24:07 - Joker - DELETE https://www.israelhayom.co.il
2024-01-29 19:24:07 - Joker - PUT https://www.calcalist.co.il
2024-01-29 19:24:07 - Joker - DELETE https://www.ima.co.il
2024-01-29 19:24:07 - Joker - PUT https://www.jpost.com
2024-01-29 19:24:07 - Joker - POST https://www.ynet.co.il
2024-01-29 19:24:07 - Joker - POST https://www.globes.co.il
2024-01-29 19:24:07 - Joker - GET https://www.ima.co.il
2024-01-29 19:24:07 - Joker - DELETE https://www.calcalist.co.il
2024-01-29 19:24:07 - Joker - PUT https://www.calcalist.co.il
2024-01-29 19:24:07 - Joker - POST https://www.ynet.co.il
2024-01-29 19:24:07 - Joker - POST https://www.ynet.co.il
2024-01-29 19:24:07 - Joker - PUT https://www.globes.co.il
2024-01-29 19:24:07 - Joker - PUT https://www.mako.co.il
2024-01-29 19:24:07 - Joker - PUT https://www.mako.co.il
2024-01-29 19:24:07 - Joker - DELETE https://www.israelhayom.co.il
2024-01-29 19:24:07 - Joker - DELETE https://www.ynet.co.il
2024-01-29 19:24:07 - Joker - POST https://www.jpost.com
2024-01-29 19:24:07 - Joker - GET https://www.calcalist.co.il
2024-01-29 19:24:07 - Joker - DELETE https://www.mako.co.il
2024-01-29 19:24:07 - Joker - POST https://www.globes.co.il
2024-01-29 19:24:07 - Joker - PUT https://www.ima.co.il
2024-01-29 19:24:07 - Joker - PUT https://www.globes.co.il
2024-01-29 19:24:07 - Joker - POST https://www.ynet.co.il
2024-01-29 19:24:07 - Joker - PUT https://www.ima.co.il
2024-01-29 19:24:07 - Joker - DELETE https://www.jpost.com
2024-01-29 19:24:07 - Joker - POST https://www.ima.co.il
2024-01-29 19:24:07 - Joker - PUT https://www.haaretz.co.il
2024-01-29 19:24:07 - Joker - DELETE https://www.calcalist.co.il
2024-01-29 19:24:07 - Joker - PUT https://www.ima.co.il
2024-01-29 19:24:07 - Joker - GET https://www.jpost.com
2024-01-29 19:24:07 - Joker - PUT https://www.calcalist.co.il
2024-01-29 19:24:07 - Joker - POST https://www.haaretz.co.il
2024-01-29 19:24:07 - Joker - DELETE https://www.jpost.com
2024-01-29 19:24:07 - Joker - PUT https://www.mako.co.il
2024-01-29 19:24:07 - Joker - PUT https://www.ima.co.il
2024-01-29 19:24:07 - Joker - GET https://www.haaretz.co.il
2024-01-29 19:24:07 - Joker - PUT https://www.ynet.co.il
2024-01-29 19:24:07 - Joker - DELETE https://www.calcalist.co.il
2024-01-29 19:24:07 - Joker - DELETE https://www.calcalist.co.il
2024-01-29 19:24:07 - Joker - POST https://www.mako.co.il
2024-01-29 19:24:07 - Joker - DELETE https://www.haaretz.co.il
2024-01-29 19:24:07 - Joker - PUT https://www.haaretz.co.il
2024-01-29 19:24:07 - Joker - GET https://www.jpost.com
2024-01-29 19:24:07 - Joker - DELETE https://www.ynet.co.il
2024-01-29 19:24:07 - Joker - DELETE https://www.jpost.com
2024-01-29 19:24:07 - Joker - DELETE https://www.calcalist.co.il
2024-01-29 19:24:07 - Joker - GET https://www.ynet.co.il
2024-01-29 19:24:07 - Joker - GET https://www.haaretz.co.il
2024-01-29 19:24:07 - Joker - PUT https://www.jpost.com
2024-01-29 19:24:07 - Joker - DELETE https://www.calcalist.co.il
2024-01-29 19:24:07 - Joker - GET https://www.ynet.co.il
2024-01-29 19:24:07 - Joker - DELETE https://www.ynet.co.il
2024-01-29 19:24:07 - Joker - DELETE https://www.jpost.com
2024-01-29 19:24:07 - Joker - PUT https://www.ima.co.il
2024-01-29 19:24:07 - Joker - GET https://www.israelhayom.co.il
2024-01-29 19:24:07 - Joker - GET https://www.ynet.co.il
2024-01-29 19:24:07 - Joker - PUT https://www.ynet.co.il
2024-01-29 19:24:07 - Joker - POST https://www.haaretz.co.il
2024-01-29 19:24:07 - Joker - GET https://www.ima.co.il
2024-01-29 19:24:07 - Joker - POST https://www.haaretz.co.il
2024-01-29 19:24:07 - Joker - PUT https://www.calcalist.co.il
2024-01-29 19:24:07 - Joker - POST https://www.ima.co.il
2024-01-29 19:24:07 - Joker - POST https://www.mako.co.il
2024-01-29 19:24:07 - Joker - DELETE https://www.haaretz.co.il
2024-01-29 19:24:07 - Joker - DELETE https://www.israelhayom.co.il
2024-01-29 19:24:07 - Joker - PUT https://www.ynet.co.il
2024-01-29 19:24:07 - Joker - POST https://www.ima.co.il
2024-01-29 19:24:07 - Joker - POST https://www.israelhayom.co.il
2024-01-29 19:24:07 - Joker - POST https://www.ynet.co.il
2024-01-29 19:24:07 - Joker - GET https://www.mako.co.il
2024-01-29 19:24:07 - Joker - GET https://www.calcalist.co.il
2024-01-29 19:24:07 - Joker - PUT https://www.calcalist.co.il
2024-01-29 19:24:07 - Joker - GET https://www.ynet.co.il
2024-01-29 19:24:07 - Joker - PUT https://www.globes.co.il
2024-01-29 19:24:07 - Joker - DELETE https://www.israelhayom.co.il
2024-01-29 19:24:07 - Joker - POST https://www.jpost.com
2024-01-29 19:24:07 - Joker - POST https://www.ima.co.il
2024-01-29 19:24:07 - Joker - PUT https://www.globes.co.il
2024-01-29 19:24:07 - Joker - DELETE https://www.mako.co.il
2024-01-29 19:24:07 - Joker - DELETE https://www.calcalist.co.il
2024-01-29 19:24:07 - Joker - POST https://www.mako.co.il
2024-01-29 19:24:07 - Joker - DELETE https://www.ynet.co.il
2024-01-29 19:24:07 - Joker - GET https://www.ynet.co.il
2024-01-29 19:24:07 - Joker - PUT https://www.mako.co.il
2024-01-29 19:24:07 - Joker - GET https://www.ima.co.il
2024-01-29 19:24:07 - Joker - DELETE https://www.israelhayom.co.il
2024-01-29 19:24:07 - Joker - DELETE https://www.israelhayom.co.il
2024-01-29 19:24:07 - Joker - POST https://www.globes.co.il
2024-01-29 19:24:07 - Joker - DELETE https://www.ima.co.il
2024-01-29 19:24:07 - Joker - POST https://www.mako.co.il
2024-01-29 19:24:07 - Joker - GET https://www.calcalist.co.il
2024-01-29 19:24:07 - Joker - POST https://www.israelhayom.co.il
2024-01-29 19:24:07 - Joker - GET https://www.ima.co.il
2024-01-29 19:24:07 - Joker - GET https://www.mako.co.il
2024-01-29 19:24:07 - Joker - GET https://www.globes.co.il
2024-01-29 19:24:07 - Joker - GET https://www.ynet.co.il
2024-01-29 19:24:07 - Joker - GET https://www.ynet.co.il
2024-01-29 19:24:07 - Joker - POST https://www.calcalist.co.il
2024-01-29 19:24:07 - Joker - POST https://www.ynet.co.il
2024-01-29 19:24:07 - Joker - PUT https://www.globes.co.il
2024-01-29 19:24:07 - Joker - DELETE https://www.ima.co.il
2024-01-29 19:24:07 - Joker - DELETE https://www.ynet.co.il
2024-01-29 19:24:07 - Joker - DELETE https://www.jpost.com
2024-01-29 19:24:07 - Joker - PUT https://www.ynet.co.il
2024-01-29 19:24:07 - Joker - PUT https://www.ima.co.il
2024-01-29 19:24:07 - Joker - POST https://www.calcalist.co.il
2024-01-29 19:24:07 - Joker - DELETE https://www.ima.co.il
2024-01-29 19:24:07 - Joker - GET https://www.ima.co.il
2024-01-29 19:24:07 - Joker - DELETE https://www.mako.co.il
2024-01-29 19:24:07 - Joker - DELETE https://www.jpost.com
2024-01-29 19:24:07 - Joker - PUT https://www.calcalist.co.il
2024-01-29 19:24:07 - Joker - DELETE https://www.calcalist.co.il
2024-01-29 19:24:07 - Joker - DELETE https://www.ima.co.il
2024-01-29 19:24:07 - Joker - POST https://www.globes.co.il
2024-01-29 19:24:07 - Joker - DELETE https://www.jpost.com
2024-01-29 19:24:07 - Joker - DELETE https://www.israelhayom.co.il
2024-01-29 19:24:07 - Joker - DELETE https://www.ima.co.il
2024-01-29 19:24:07 - Joker - GET https://www.haaretz.co.il
2024-01-29 19:24:07 - Joker - DELETE https://www.mako.co.il
2024-01-29 19:24:07 - Joker - DELETE https://www.globes.co.il
2024-01-29 19:24:07 - Joker - GET https://www.jpost.com
2024-01-29 19:24:07 - Joker - PUT https://www.globes.co.il
2024-01-29 19:24:07 - Joker - DELETE https://www.globes.co.il
2024-01-29 19:24:07 - Joker - GET https://www.jpost.com
2024-01-29 19:24:07 - Joker - DELETE https://www.israelhayom.co.il
2024-01-29 19:24:07 - Joker - PUT https://www.ima.co.il
2024-01-29 19:24:07 - Joker - POST https://www.globes.co.il
2024-01-29 19:24:07 - Joker - GET https://www.haaretz.co.il
2024-01-29 19:24:07 - Joker - PUT https://www.calcalist.co.il
2024-01-29 19:24:07 - Joker - PUT https://www.ima.co.il
2024-01-29 19:24:07 - Joker - POST https://www.globes.co.il
2024-01-29 19:24:07 - Joker - DELETE https://www.israelhayom.co.il
2024-01-29 19:24:07 - Joker - PUT https://www.jpost.com
2024-01-29 19:24:07 - Joker - DELETE https://www.jpost.com
2024-01-29 19:24:07 - Joker - GET https://www.mako.co.il
2024-01-29 19:24:07 - Joker - PUT https://www.ynet.co.il
2024-01-29 19:24:07 - Joker - POST https://www.ima.co.il
2024-01-29 19:24:07 - Joker - DELETE https://www.ima.co.il
2024-01-29 19:24:07 - Joker - GET https://www.jpost.com
2024-01-29 19:24:07 - Joker - POST https://www.jpost.com
2024-01-29 19:24:07 - Joker - POST https://www.ynet.co.il
2024-01-29 19:24:07 - Joker - POST https://www.calcalist.co.il
2024-01-29 19:24:07 - Joker - DELETE https://www.globes.co.il
2024-01-29 19:24:07 - Joker - POST https://www.globes.co.il
2024-01-29 19:24:07 - Joker - POST https://www.jpost.com
2024-01-29 19:24:07 - Joker - PUT https://www.israelhayom.co.il
2024-01-29 19:24:07 - Joker - GET https://www.ima.co.il
2024-01-29 19:24:07 - Joker - GET https://www.israelhayom.co.il
2024-01-29 19:24:07 - Joker - GET https://www.ynet.co.il
2024-01-29 19:24:07 - Joker - POST https://www.ynet.co.il
2024-01-29 19:24:07 - Joker - PUT https://www.ima.co.il
2024-01-29 19:24:07 - Joker - PUT https://www.israelhayom.co.il
2024-01-29 19:24:07 - Joker - GET https://www.ynet.co.il
2024-01-29 19:24:07 - Joker - DELETE https://www.mako.co.il
2024-01-29 19:24:07 - Joker - GET https://www.ima.co.il
2024-01-29 19:24:07 - Joker - DELETE https://www.haaretz.co.il
2024-01-29 19:24:07 - Joker - GET https://www.jpost.com
2024-01-29 19:24:07 - Joker - GET https://www.calcalist.co.il
2024-01-29 19:24:07 - Joker - POST https://www.mako.co.il
2024-01-29 19:24:07 - Joker - DELETE https://www.mako.co.il
2024-01-29 19:24:07 - Joker - DELETE https://www.ynet.co.il
2024-01-29 19:24:07 - Joker - POST https://www.ynet.co.il
2024-01-29 19:24:07 - Joker - DELETE https://www.ynet.co.il
2024-01-29 19:24:07 - Joker - PUT https://www.jpost.com
2024-01-29 19:24:07 - Joker - POST https://www.mako.co.il
2024-01-29 19:24:07 - Joker - POST https://www.ima.co.il
2024-01-29 19:24:07 - Joker - POST https://www.calcalist.co.il
2024-01-29 19:24:07 - Joker - GET https://www.haaretz.co.il
2024-01-29 19:24:07 - Joker - PUT https://www.israelhayom.co.il
2024-01-29 19:24:07 - Joker - DELETE https://www.mako.co.il
2024-01-29 19:24:07 - Joker - POST https://www.mako.co.il
2024-01-29 19:24:07 - Joker - DELETE https://www.haaretz.co.il
2024-01-29 19:24:07 - Joker - DELETE https://www.mako.co.il
2024-01-29 19:24:07 - Joker - POST https://www.calcalist.co.il
2024-01-29 19:24:07 - Joker - PUT https://www.calcalist.co.il
2024-01-29 19:24:07 - Joker - POST https://www.israelhayom.co.il
2024-01-29 19:24:07 - Joker - PUT https://www.israelhayom.co.il
2024-01-29 19:24:07 - Joker - PUT https://www.ynet.co.il
2024-01-29 19:24:07 - Joker - PUT https://www.israelhayom.co.il
2024-01-29 19:24:07 - Joker - PUT https://www.globes.co.il
2024-01-29 19:24:07 - Joker - DELETE https://www.globes.co.il
2024-01-29 19:24:07 - Joker - PUT https://www.jpost.com
2024-01-29 19:24:07 - Joker - GET https://www.globes.co.il
2024-01-29 19:24:07 - Joker - POST https://www.globes.co.il
2024-01-29 19:24:07 - Joker - POST https://www.israelhayom.co.il
2024-01-29 19:24:07 - Joker - GET https://www.haaretz.co.il
2024-01-29 19:24:07 - Joker - PUT https://www.israelhayom.co.il
2024-01-29 19:24:07 - Joker - PUT https://www.globes.co.il
2024-01-29 19:24:07 - Joker - PUT https://www.ynet.co.il
2024-01-29 19:24:07 - Joker - PUT https://www.haaretz.co.il
2024-01-29 19:24:07 - Joker - POST https://www.ynet.co.il
2024-01-29 19:24:07 - Joker - GET https://www.israelhayom.co.il
2024-01-29 19:24:07 - Joker - DELETE https://www.haaretz.co.il
2024-01-29 19:24:07 - Joker - GET https://www.ima.co.il
2024-01-29 19:24:07 - Joker - GET https://www.haaretz.co.il
2024-01-29 19:24:07 - Joker - GET https://www.globes.co.il
2024-01-29 19:24:07 - Joker - GET https://www.haaretz.co.il
2024-01-29 19:24:07 - Joker - GET https://www.jpost.com
2024-01-29 19:24:07 - Joker - PUT https://www.jpost.com
2024-01-29 19:24:07 - Joker - POST https://www.ynet.co.il
2024-01-29 19:24:07 - Joker - DELETE https://www.ima.co.il
2024-01-29 19:24:07 - Joker - GET https://www.calcalist.co.il
2024-01-29 19:24:07 - Joker - DELETE https://www.ynet.co.il
2024-01-29 19:24:07 - Joker - GET https://www.mako.co.il
2024-01-29 19:24:07 - Joker - POST https://www.jpost.com
2024-01-29 19:24:07 - Joker - DELETE https://www.israelhayom.co.il
2024-01-29 19:24:07 - Joker - DELETE https://www.ima.co.il
2024-01-29 19:24:07 - Joker - POST https://www.mako.co.il
2024-01-29 19:24:07 - Joker - POST https://www.mako.co.il
2024-01-29 19:24:07 - Joker - POST https://www.ima.co.il
2024-01-29 19:24:07 - Joker - DELETE https://www.ima.co.il
2024-01-29 19:24:07 - Joker - PUT https://www.ima.co.il
2024-01-29 19:24:07 - Joker - POST https://www.ynet.co.il
2024-01-29 19:24:07 - Joker - POST https://www.globes.co.il
2024-01-29 19:24:07 - Joker - DELETE https://www.ynet.co.il
2024-01-29 19:24:07 - Joker - POST https://www.ima.co.il
2024-01-29 19:24:07 - Joker - GET https://www.israelhayom.co.il
2024-01-29 19:24:07 - Joker - GET https://www.jpost.com
2024-01-29 19:24:07 - Joker - DELETE https://www.haaretz.co.il
2024-01-29 19:24:07 - Joker - GET https://www.globes.co.il
2024-01-29 19:24:07 - Joker - GET https://www.ima.co.il
2024-01-29 19:24:07 - Joker - POST https://www.ima.co.il
2024-01-29 19:24:07 - Joker - DELETE https://www.israelhayom.co.il
2024-01-29 19:24:07 - Joker - DELETE https://www.jpost.com
2024-01-29 19:24:07 - Joker - POST https://www.israelhayom.co.il
2024-01-29 19:24:07 - Joker - GET https://www.calcalist.co.il
2024-01-29 19:24:07 - Joker - GET https://www.ima.co.il
2024-01-29 19:24:07 - Joker - DELETE https://www.haaretz.co.il
2024-01-29 19:24:07 - Joker - DELETE https://www.ima.co.il
2024-01-29 19:24:07 - Joker - POST https://www.calcalist.co.il
2024-01-29 19:24:07 - Joker - DELETE https://www.calcalist.co.il
2024-01-29 19:24:07 - Joker - POST https://www.ima.co.il
2024-01-29 19:24:07 - Joker - POST https://www.ima.co.il
2024-01-29 19:24:07 - Joker - PUT https://www.calcalist.co.il
2024-01-29 19:24:07 - Joker - GET https://www.israelhayom.co.il
2024-01-29 19:24:07 - Joker - GET https://www.haaretz.co.il
2024-01-29 19:24:07 - Joker - GET https://www.calcalist.co.il
2024-01-29 19:24:07 - Joker - POST https://www.israelhayom.co.il
2024-01-29 19:24:07 - Joker - GET https://www.mako.co.il
2024-01-29 19:24:07 - Joker - GET https://www.mako.co.il
2024-01-29 19:24:07 - Joker - POST https://www.ima.co.il
2024-01-29 19:24:07 - Joker - POST https://www.mako.co.il
2024-01-29 19:24:07 - Joker - GET https://www.ima.co.il
2024-01-29 19:24:07 - Joker - POST https://www.calcalist.co.il
2024-01-29 19:24:07 - Joker - GET https://www.ynet.co.il
2024-01-29 19:24:07 - Joker - DELETE https://www.globes.co.il
2024-01-29 19:24:07 - Joker - DELETE https://www.ynet.co.il
2024-01-29 19:24:07 - Joker - DELETE https://www.ynet.co.il
2024-01-29 19:24:07 - Joker - DELETE https://www.mako.co.il
2024-01-29 19:24:07 - Joker - GET https://www.mako.co.il
2024-01-29 19:24:07 - Joker - DELETE https://www.ynet.co.il
2024-01-29 19:24:07 - Joker - PUT https://www.haaretz.co.il
2024-01-29 19:24:07 - Joker - POST https://www.globes.co.il
2024-01-29 19:24:07 - Joker - DELETE https://www.globes.co.il
2024-01-29 19:24:07 - Joker - GET https://www.globes.co.il
2024-01-29 19:24:07 - Joker - POST https://www.calcalist.co.il
2024-01-29 19:24:07 - Joker - PUT https://www.jpost.com
2024-01-29 19:24:07 - Joker - DELETE https://www.jpost.com
2024-01-29 19:24:07 - Joker - DELETE https://www.mako.co.il
2024-01-29 19:24:07 - Joker - PUT https://www.globes.co.il
2024-01-29 19:24:07 - Joker - DELETE https://www.jpost.com
2024-01-29 19:24:07 - Joker - PUT https://www.calcalist.co.il
2024-01-29 19:24:07 - Joker - POST https://www.ima.co.il
2024-01-29 19:24:07 - Joker - GET https://www.ima.co.il
2024-01-29 19:24:07 - Joker - PUT https://www.globes.co.il
2024-01-29 19:24:07 - Joker - DELETE https://www.haaretz.co.il
2024-01-29 19:24:07 - Joker - PUT https://www.israelhayom.co.il
2024-01-29 19:24:07 - Joker - GET https://www.mako.co.il
2024-01-29 19:24:07 - Joker - GET https://www.globes.co.il
2024-01-29 19:24:07 - Joker - PUT https://www.mako.co.il
2024-01-29 19:24:07 - Joker - GET https://www.israelhayom.co.il
2024-01-29 19:24:07 - Joker - GET https://www.calcalist.co.il
2024-01-29 19:24:07 - Joker - DELETE https://www.jpost.com
2024-01-29 19:24:07 - Joker - DELETE https://www.haaretz.co.il
2024-01-29 19:24:07 - Joker - GET https://www.ynet.co.il
2024-01-29 19:24:07 - Joker - PUT https://www.jpost.com
2024-01-29 19:24:07 - Joker - GET https://www.ima.co.il
2024-01-29 19:24:07 - Joker - POST https://www.jpost.com
2024-01-29 19:24:07 - Joker - DELETE https://www.ynet.co.il
2024-01-29 19:24:07 - Joker - POST https://www.israelhayom.co.il
2024-01-29 19:24:07 - Joker - PUT https://www.ima.co.il
2024-01-29 19:24:07 - Joker - GET https://www.ima.co.il
2024-01-29 19:24:07 - Joker - GET https://www.israelhayom.co.il
2024-01-29 19:24:07 - Joker - PUT https://www.haaretz.co.il
2024-01-29 19:24:07 - Joker - DELETE https://www.ima.co.il
2024-01-29 19:24:07 - Joker - GET https://www.jpost.com
2024-01-29 19:24:07 - Joker - GET https://www.mako.co.il
2024-01-29 19:24:07 - Joker - PUT https://www.haaretz.co.il
2024-01-29 19:24:07 - Joker - PUT https://www.ynet.co.il
2024-01-29 19:24:07 - Joker - PUT https://www.jpost.com
2024-01-29 19:24:07 - Joker - GET https://www.ynet.co.il
2024-01-29 19:24:07 - Joker - POST https://www.ima.co.il
2024-01-29 19:24:07 - Joker - GET https://www.israelhayom.co.il
2024-01-29 19:24:07 - Joker - POST https://www.jpost.com
2024-01-29 19:24:07 - Joker - DELETE https://www.jpost.com
2024-01-29 19:24:07 - Joker - POST https://www.ima.co.il
2024-01-29 19:24:07 - Joker - POST https://www.globes.co.il
2024-01-29 19:24:07 - Joker - GET https://www.ynet.co.il
2024-01-29 19:24:07 - Joker - PUT https://www.mako.co.il
2024-01-29 19:24:07 - Joker - POST https://www.calcalist.co.il
2024-01-29 19:24:07 - Joker - POST https://www.ima.co.il
2024-01-29 19:24:07 - Joker - DELETE https://www.ima.co.il
2024-01-29 19:24:07 - Joker - GET https://www.mako.co.il
2024-01-29 19:24:07 - Joker - GET https://www.israelhayom.co.il
2024-01-29 19:24:07 - Joker - GET https://www.israelhayom.co.il
2024-01-29 19:24:07 - Joker - DELETE https://www.haaretz.co.il
2024-01-29 19:24:07 - Joker - DELETE https://www.mako.co.il
2024-01-29 19:24:07 - Joker - GET https://www.calcalist.co.il
2024-01-29 19:24:07 - Joker - GET https://www.globes.co.il
2024-01-29 19:24:07 - Joker - PUT https://www.globes.co.il
2024-01-29 19:24:07 - Joker - DELETE https://www.globes.co.il
2024-01-29 19:24:07 - Joker - DELETE https://www.mako.co.il
2024-01-29 19:24:07 - Joker - GET https://www.haaretz.co.il
2024-01-29 19:24:07 - Joker - PUT https://www.calcalist.co.il
2024-01-29 19:24:07 - Joker - GET https://www.haaretz.co.il
2024-01-29 19:24:07 - Joker - DELETE https://www.globes.co.il
2024-01-29 19:24:07 - Joker - POST https://www.globes.co.il
2024-01-29 19:24:07 - Joker - DELETE https://www.globes.co.il
2024-01-29 19:24:07 - Joker - PUT https://www.haaretz.co.il
2024-01-29 19:24:07 - Joker - POST https://www.jpost.com
2024-01-29 19:24:07 - Joker - POST https://www.haaretz.co.il
2024-01-29 19:24:07 - Joker - PUT https://www.jpost.com
2024-01-29 19:24:07 - Joker - DELETE https://www.israelhayom.co.il
2024-01-29 19:24:07 - Joker - GET https://www.ima.co.il
2024-01-29 19:24:07 - Joker - PUT https://www.haaretz.co.il
2024-01-29 19:24:07 - Joker - GET https://www.mako.co.il
2024-01-29 19:24:07 - Joker - PUT https://www.haaretz.co.il
2024-01-29 19:24:07 - Joker - POST https://www.mako.co.il
2024-01-29 19:24:07 - Joker - GET https://www.ima.co.il
2024-01-29 19:24:07 - Joker - GET https://www.haaretz.co.il
2024-01-29 19:24:07 - Joker - DELETE https://www.mako.co.il
2024-01-29 19:24:07 - Joker - GET https://www.globes.co.il
2024-01-29 19:24:07 - Joker - DELETE https://www.ynet.co.il
2024-01-29 19:24:07 - Joker - GET https://www.israelhayom.co.il
2024-01-29 19:24:07 - Joker - PUT https://www.israelhayom.co.il
2024-01-29 19:24:07 - Joker - POST https://www.jpost.com
2024-01-29 19:24:07 - Joker - PUT https://www.jpost.com
2024-01-29 19:24:07 - Joker - DELETE https://www.ynet.co.il
2024-01-29 19:24:07 - Joker - DELETE https://www.haaretz.co.il
2024-01-29 19:24:07 - Joker - POST https://www.jpost.com
2024-01-29 19:24:07 - Joker - GET https://www.ynet.co.il
2024-01-29 19:24:07 - Joker - PUT https://www.globes.co.il
2024-01-29 19:24:07 - Joker - POST https://www.globes.co.il
2024-01-29 19:24:07 - Joker - POST https://www.mako.co.il
2024-01-29 19:24:07 - Joker - GET https://www.ynet.co.il
2024-01-29 19:24:07 - Joker - POST https://www.globes.co.il
2024-01-29 19:24:07 - Joker - POST https://www.haaretz.co.il
2024-01-29 19:24:07 - Joker - PUT https://www.ima.co.il
2024-01-29 19:24:07 - Joker - DELETE https://www.jpost.com
2024-01-29 19:24:07 - Joker - POST https://www.mako.co.il
2024-01-29 19:24:07 - Joker - PUT https://www.ima.co.il
2024-01-29 19:24:07 - Joker - GET https://www.globes.co.il
2024-01-29 19:24:07 - Joker - PUT https://www.ynet.co.il
2024-01-29 19:24:07 - Joker - DELETE https://www.ima.co.il
2024-01-29 19:24:07 - Joker - PUT https://www.haaretz.co.il
2024-01-29 19:24:07 - Joker - DELETE https://www.calcalist.co.il
2024-01-29 19:24:07 - Joker - PUT https://www.jpost.com
2024-01-29 19:24:07 - Joker - GET https://www.israelhayom.co.il
2024-01-29 19:24:07 - Joker - GET https://www.israelhayom.co.il
2024-01-29 19:24:07 - Joker - DELETE https://www.haaretz.co.il
2024-01-29 19:24:07 - Joker - PUT https://www.ima.co.il
2024-01-29 19:24:07 - Joker - PUT https://www.jpost.com
2024-01-29 19:24:07 - Joker - DELETE https://www.haaretz.co.il
2024-01-29 19:24:07 - Joker - DELETE https://www.ynet.co.il
2024-01-29 19:24:07 - Joker - GET https://www.calcalist.co.il
2024-01-29 19:24:07 - Joker - PUT https://www.israelhayom.co.il
2024-01-29 19:24:07 - Joker - GET https://www.globes.co.il
2024-01-29 19:24:07 - Joker - DELETE https://www.israelhayom.co.il
2024-01-29 19:24:07 - Joker - POST https://www.ima.co.il
2024-01-29 19:24:07 - Joker - GET https://www.globes.co.il
2024-01-29 19:24:07 - Joker - POST https://www.haaretz.co.il
2024-01-29 19:24:07 - Joker - POST https://www.haaretz.co.il
2024-01-29 19:24:07 - Joker - POST https://www.globes.co.il
2024-01-29 19:24:07 - Joker - POST https://www.israelhayom.co.il
2024-01-29 19:24:07 - Joker - POST https://www.israelhayom.co.il
2024-01-29 19:24:07 - Joker - POST https://www.mako.co.il
2024-01-29 19:24:07 - Joker - GET https://www.globes.co.il
2024-01-29 19:24:07 - Joker - DELETE https://www.mako.co.il
2024-01-29 19:24:07 - Joker - PUT https://www.jpost.com
2024-01-29 19:24:07 - Joker - DELETE https://www.globes.co.il
2024-01-29 19:24:07 - Joker - GET https://www.israelhayom.co.il
2024-01-29 19:24:07 - Joker - PUT https://www.jpost.com
2024-01-29 19:24:07 - Joker - DELETE https://www.haaretz.co.il
2024-01-29 19:24:07 - Joker - GET https://www.jpost.com
2024-01-29 19:24:07 - Joker - PUT https://www.jpost.com
2024-01-29 19:24:07 - Joker - GET https://www.jpost.com
2024-01-29 19:24:07 - Joker - POST https://www.ima.co.il
2024-01-29 19:24:07 - Joker - POST https://www.haaretz.co.il
2024-01-29 19:24:07 - Joker - DELETE https://www.israelhayom.co.il
2024-01-29 19:24:07 - Joker - PUT https://www.haaretz.co.il
2024-01-29 19:24:07 - Joker - PUT https://www.ima.co.il
2024-01-29 19:24:07 - Joker - GET https://www.jpost.com
2024-01-29 19:24:07 - Joker - POST https://www.israelhayom.co.il
2024-01-29 19:24:07 - Joker - DELETE https://www.ima.co.il
2024-01-29 19:24:07 - Joker - GET https://www.haaretz.co.il
2024-01-29 19:24:07 - Joker - GET https://www.haaretz.co.il
2024-01-29 19:24:07 - Joker - GET https://www.mako.co.il
2024-01-29 19:24:07 - Joker - DELETE https://www.israelhayom.co.il
2024-01-29 19:24:07 - Joker - DELETE https://www.israelhayom.co.il
2024-01-29 19:24:07 - Joker - DELETE https://www.haaretz.co.il
2024-01-29 19:24:07 - Joker - GET https://www.haaretz.co.il
2024-01-29 19:24:07 - Joker - PUT https://www.globes.co.il
2024-01-29 19:24:07 - Joker - PUT https://www.haaretz.co.il
2024-01-29 19:24:07 - Joker - GET https://www.ima.co.il
2024-01-29 19:24:07 - Joker - PUT https://www.ynet.co.il
2024-01-29 19:24:07 - Joker - POST https://www.mako.co.il
2024-01-29 19:24:07 - Joker - POST https://www.israelhayom.co.il
2024-01-29 19:24:07 - Joker - DELETE https://www.haaretz.co.il
2024-01-29 19:24:07 - Joker - POST https://www.jpost.com
2024-01-29 19:24:07 - Joker - PUT https://www.jpost.com
2024-01-29 19:24:07 - Joker - PUT https://www.israelhayom.co.il
2024-01-29 19:24:07 - Joker - PUT https://www.israelhayom.co.il
2024-01-29 19:24:07 - Joker - PUT https://www.israelhayom.co.il
2024-01-29 19:24:07 - Joker - DELETE https://www.ima.co.il
2024-01-29 19:24:07 - Joker - POST https://www.ima.co.il
2024-01-29 19:24:07 - Joker - POST https://www.ynet.co.il
2024-01-29 19:24:07 - Joker - PUT https://www.globes.co.il
2024-01-29 19:24:07 - Joker - POST https://www.mako.co.il
2024-01-29 19:24:07 - Joker - POST https://www.haaretz.co.il
2024-01-29 19:24:07 - Joker - GET https://www.mako.co.il
2024-01-29 19:24:07 - Joker - GET https://www.ynet.co.il
2024-01-29 19:24:07 - Joker - GET https://www.globes.co.il
2024-01-29 19:24:07 - Joker - DELETE https://www.ynet.co.il
2024-01-29 19:24:07 - Joker - POST https://www.globes.co.il
2024-01-29 19:24:07 - Joker - GET https://www.jpost.com
2024-01-29 19:24:07 - Joker - PUT https://www.ynet.co.il
2024-01-29 19:24:07 - Joker - PUT https://www.ima.co.il
2024-01-29 19:24:07 - Joker - DELETE https://www.haaretz.co.il
2024-01-29 19:24:07 - Joker - DELETE https://www.ynet.co.il
2024-01-29 19:24:07 - Joker - DELETE https://www.israelhayom.co.il
2024-01-29 19:24:07 - Joker - PUT https://www.calcalist.co.il
2024-01-29 19:24:07 - Joker - PUT https://www.calcalist.co.il
2024-01-29 19:24:07 - Joker - DELETE https://www.jpost.com
2024-01-29 19:24:07 - Joker - POST https://www.haaretz.co.il
2024-01-29 19:24:07 - Joker - PUT https://www.ima.co.il
2024-01-29 19:24:07 - Joker - POST https://www.jpost.com
2024-01-29 19:24:07 - Joker - DELETE https://www.israelhayom.co.il
2024-01-29 19:24:07 - Joker - POST https://www.jpost.com
2024-01-29 19:24:07 - Joker - POST https://www.ynet.co.il
2024-01-29 19:24:07 - Joker - DELETE https://www.israelhayom.co.il
2024-01-29 19:24:07 - Joker - DELETE https://www.ima.co.il
2024-01-29 19:24:07 - Joker - POST https://www.ima.co.il
2024-01-29 19:24:07 - Joker - POST https://www.ima.co.il
2024-01-29 19:24:07 - Joker - PUT https://www.ima.co.il
2024-01-29 19:24:07 - Joker - GET https://www.mako.co.il
2024-01-29 19:24:07 - Joker - PUT https://www.haaretz.co.il
2024-01-29 19:24:07 - Joker - PUT https://www.globes.co.il
2024-01-29 19:24:07 - Joker - PUT https://www.jpost.com
2024-01-29 19:24:07 - Joker - PUT https://www.jpost.com
2024-01-29 19:24:07 - Joker - GET https://www.haaretz.co.il
2024-01-29 19:24:07 - Joker - GET https://www.calcalist.co.il
2024-01-29 19:24:07 - Joker - PUT https://www.mako.co.il
2024-01-29 19:24:07 - Joker - DELETE https://www.israelhayom.co.il
2024-01-29 19:24:07 - Joker - GET https://www.ynet.co.il
2024-01-29 19:24:07 - Joker - POST https://www.ima.co.il
2024-01-29 19:24:07 - Joker - DELETE https://www.ima.co.il
2024-01-29 19:24:07 - Joker - GET https://www.mako.co.il
2024-01-29 19:24:07 - Joker - DELETE https://www.haaretz.co.il
2024-01-29 19:24:07 - Joker - POST https://www.ima.co.il
2024-01-29 19:24:07 - Joker - DELETE https://www.israelhayom.co.il
2024-01-29 19:24:07 - Joker - GET https://www.ynet.co.il
2024-01-29 19:24:07 - Joker - DELETE https://www.calcalist.co.il
2024-01-29 19:24:07 - Joker - GET https://www.mako.co.il
2024-01-29 19:24:07 - Joker - DELETE https://www.ima.co.il
2024-01-29 19:24:07 - Joker - PUT https://www.israelhayom.co.il
2024-01-29 19:24:07 - Joker - DELETE https://www.ynet.co.il
2024-01-29 19:24:07 - Joker - POST https://www.israelhayom.co.il
2024-01-29 19:24:07 - Joker - GET https://www.jpost.com
2024-01-29 19:24:07 - Joker - PUT https://www.haaretz.co.il
2024-01-29 19:24:07 - Joker - DELETE https://www.mako.co.il
2024-01-29 19:24:07 - Joker - POST https://www.haaretz.co.il
2024-01-29 19:24:07 - Joker - PUT https://www.jpost.com
2024-01-29 19:24:07 - Joker - PUT https://www.mako.co.il
2024-01-29 19:24:07 - Joker - DELETE https://www.calcalist.co.il
2024-01-29 19:24:07 - Joker - DELETE https://www.mako.co.il
2024-01-29 19:24:07 - Joker - DELETE https://www.ynet.co.il
2024-01-29 19:24:07 - Joker - POST https://www.mako.co.il
2024-01-29 19:24:07 - Joker - GET https://www.israelhayom.co.il
2024-01-29 19:24:07 - Joker - GET https://www.israelhayom.co.il
2024-01-29 19:24:07 - Joker - DELETE https://www.haaretz.co.il
2024-01-29 19:24:07 - Joker - PUT https://www.jpost.com
2024-01-29 19:24:07 - Joker - POST https://www.haaretz.co.il
2024-01-29 19:24:07 - Joker - PUT https://www.ynet.co.il
2024-01-29 19:24:07 - Joker - DELETE https://www.jpost.com
2024-01-29 19:24:07 - Joker - GET https://www.ynet.co.il
2024-01-29 19:24:07 - Joker - PUT https://www.jpost.com
2024-01-29 19:24:07 - Joker - PUT https://www.israelhayom.co.il
2024-01-29 19:24:07 - Joker - DELETE https://www.ima.co.il
2024-01-29 19:24:07 - Joker - DELETE https://www.haaretz.co.il
2024-01-29 19:24:07 - Joker - POST https://www.calcalist.co.il
2024-01-29 19:24:07 - Joker - PUT https://www.israelhayom.co.il
2024-01-29 19:24:07 - Joker - GET https://www.israelhayom.co.il
2024-01-29 19:24:07 - Joker - DELETE https://www.globes.co.il
2024-01-29 19:24:07 - Joker - GET https://www.mako.co.il
2024-01-29 19:24:07 - Joker - PUT https://www.israelhayom.co.il
2024-01-29 19:24:07 - Joker - PUT https://www.ima.co.il
2024-01-29 19:24:07 - Joker - GET https://www.mako.co.il
2024-01-29 19:24:07 - Joker - DELETE https://www.mako.co.il
2024-01-29 19:24:07 - Joker - DELETE https://www.ima.co.il
2024-01-29 19:24:07 - Joker - DELETE https://www.israelhayom.co.il
2024-01-29 19:24:07 - Joker - DELETE https://www.mako.co.il
2024-01-29 19:24:07 - Joker - POST https://www.israelhayom.co.il
2024-01-29 19:24:07 - Joker - PUT https://www.mako.co.il
2024-01-29 19:24:07 - Joker - GET https://www.calcalist.co.il
2024-01-29 19:24:07 - Joker - POST https://www.haaretz.co.il
2024-01-29 19:24:07 - Joker - GET https://www.globes.co.il
2024-01-29 19:24:07 - Joker - PUT https://www.mako.co.il
2024-01-29 19:24:07 - Joker - GET https://www.calcalist.co.il
2024-01-29 19:24:07 - Joker - PUT https://www.ynet.co.il
2024-01-29 19:24:07 - Joker - DELETE https://www.haaretz.co.il
2024-01-29 19:24:07 - Joker - PUT https://www.mako.co.il
2024-01-29 19:24:07 - Joker - GET https://www.mako.co.il
2024-01-29 19:24:07 - Joker - POST https://www.israelhayom.co.il
2024-01-29 19:24:07 - Joker - POST https://www.globes.co.il
2024-01-29 19:24:07 - Joker - POST https://www.jpost.com
2024-01-29 19:24:07 - Joker - DELETE https://www.ynet.co.il
2024-01-29 19:24:07 - Joker - GET https://www.haaretz.co.il
2024-01-29 19:24:07 - Joker - POST https://www.israelhayom.co.il
2024-01-29 19:24:07 - Joker - PUT https://www.ynet.co.il
2024-01-29 19:24:07 - Joker - DELETE https://www.mako.co.il
2024-01-29 19:24:07 - Joker - DELETE https://www.haaretz.co.il
2024-01-29 19:24:07 - Joker - PUT https://www.israelhayom.co.il
2024-01-29 19:24:07 - Joker - GET https://www.ynet.co.il
2024-01-29 19:24:07 - Joker - POST https://www.jpost.com
2024-01-29 19:24:07 - Joker - DELETE https://www.israelhayom.co.il
2024-01-29 19:24:07 - Joker - PUT https://www.jpost.com
2024-01-29 19:24:07 - Joker - PUT https://www.ynet.co.il
2024-01-29 19:24:07 - Joker - POST https://www.globes.co.il
2024-01-29 19:24:07 - Joker - POST https://www.ima.co.il
2024-01-29 19:24:07 - Joker - PUT https://www.globes.co.il
2024-01-29 19:24:07 - Joker - DELETE https://www.globes.co.il
2024-01-29 19:24:07 - Joker - DELETE https://www.mako.co.il
2024-01-29 19:24:07 - Joker - POST https://www.ynet.co.il
2024-01-29 19:24:07 - Joker - GET https://www.ima.co.il
2024-01-29 19:24:07 - Joker - GET https://www.israelhayom.co.il
2024-01-29 19:24:07 - Joker - PUT https://www.jpost.com
2024-01-29 19:24:07 - Joker - POST https://www.ynet.co.il
2024-01-29 19:24:07 - Joker - DELETE https://www.ima.co.il
2024-01-29 19:24:07 - Joker - GET https://www.mako.co.il
2024-01-29 19:24:07 - Joker - DELETE https://www.calcalist.co.il
2024-01-29 19:24:07 - Joker - PUT https://www.israelhayom.co.il
2024-01-29 19:24:07 - Joker - DELETE https://www.mako.co.il
2024-01-29 19:24:07 - Joker - PUT https://www.globes.co.il
2024-01-29 19:24:07 - Joker - GET https://www.ima.co.il
2024-01-29 19:24:07 - Joker - POST https://www.globes.co.il
2024-01-29 19:24:07 - Joker - POST https://www.ynet.co.il
2024-01-29 19:24:07 - Joker - POST https://www.haaretz.co.il
2024-01-29 19:24:07 - Joker - DELETE https://www.ynet.co.il
2024-01-29 19:24:07 - Joker - POST https://www.globes.co.il
2024-01-29 19:24:07 - Joker - GET https://www.jpost.com
2024-01-29 19:24:07 - Joker - GET https://www.haaretz.co.il
2024-01-29 19:24:07 - Joker - POST https://www.ynet.co.il
2024-01-29 19:24:07 - Joker - POST https://www.calcalist.co.il
2024-01-29 19:24:07 - Joker - POST https://www.jpost.com
2024-01-29 19:24:07 - Joker - DELETE https://www.globes.co.il
2024-01-29 19:24:07 - Joker - DELETE https://www.ynet.co.il
2024-01-29 19:24:07 - Joker - GET https://www.israelhayom.co.il
2024-01-29 19:24:07 - Joker - POST https://www.ynet.co.il
2024-01-29 19:24:07 - Joker - PUT https://www.israelhayom.co.il
2024-01-29 19:24:07 - Joker - DELETE https://www.mako.co.il
2024-01-29 19:24:07 - Joker - PUT https://www.haaretz.co.il
2024-01-29 19:24:07 - Joker - POST https://www.haaretz.co.il
2024-01-29 19:24:07 - Joker - POST https://www.jpost.com
2024-01-29 19:24:07 - Joker - POST https://www.haaretz.co.il
2024-01-29 19:24:07 - Joker - PUT https://www.haaretz.co.il
2024-01-29 19:24:07 - Joker - PUT https://www.ynet.co.il
2024-01-29 19:24:07 - Joker - DELETE https://www.haaretz.co.il
2024-01-29 19:24:07 - Joker - GET https://www.calcalist.co.il
2024-01-29 19:24:07 - Joker - POST https://www.calcalist.co.il
2024-01-29 19:24:07 - Joker - PUT https://www.calcalist.co.il
2024-01-29 19:24:07 - Joker - POST https://www.ynet.co.il
2024-01-29 19:24:07 - Joker - GET https://www.ima.co.il
2024-01-29 19:24:07 - Joker - POST https://www.globes.co.il
2024-01-29 19:24:07 - Joker - POST https://www.haaretz.co.il
2024-01-29 19:24:07 - Joker - PUT https://www.ynet.co.il
2024-01-29 19:24:07 - Joker - PUT https://www.haaretz.co.il
2024-01-29 19:24:07 - Joker - DELETE https://www.mako.co.il
2024-01-29 19:24:07 - Joker - DELETE https://www.ima.co.il
2024-01-29 19:24:07 - Joker - PUT https://www.globes.co.il
2024-01-29 19:24:07 - Joker - DELETE https://www.jpost.com
2024-01-29 19:24:07 - Joker - DELETE https://www.ynet.co.il
2024-01-29 19:24:07 - Joker - GET https://www.jpost.com
2024-01-29 19:24:07 - Joker - GET https://www.ynet.co.il
2024-01-29 19:24:07 - Joker - DELETE https://www.ima.co.il
2024-01-29 19:24:07 - Joker - GET https://www.jpost.com
2024-01-29 19:24:07 - Joker - PUT https://www.israelhayom.co.il
2024-01-29 19:24:07 - Joker - POST https://www.calcalist.co.il
2024-01-29 19:24:07 - Joker - DELETE https://www.ima.co.il
2024-01-29 19:24:07 - Joker - POST https://www.ynet.co.il
2024-01-29 19:24:07 - Joker - GET https://www.globes.co.il
2024-01-29 19:24:07 - Joker - POST https://www.calcalist.co.il
2024-01-29 19:24:07 - Joker - POST https://www.calcalist.co.il
2024-01-29 19:24:07 - Joker - DELETE https://www.calcalist.co.il
2024-01-29 19:24:07 - Joker - GET https://www.israelhayom.co.il
2024-01-29 19:24:07 - Joker - GET https://www.mako.co.il
2024-01-29 19:24:07 - Joker - PUT https://www.globes.co.il
2024-01-29 19:24:07 - Joker - PUT https://www.jpost.com
2024-01-29 19:24:07 - Joker - PUT https://www.ima.co.il
2024-01-29 19:24:07 - Joker - PUT https://www.globes.co.il
2024-01-29 19:24:07 - Joker - GET https://www.globes.co.il
2024-01-29 19:24:07 - Joker - DELETE https://www.ima.co.il
2024-01-29 19:24:07 - Joker - GET https://www.calcalist.co.il
2024-01-29 19:24:07 - Joker - PUT https://www.jpost.com
2024-01-29 19:24:07 - Joker - GET https://www.jpost.com
2024-01-29 19:24:07 - Joker - GET https://www.ynet.co.il
2024-01-29 19:24:07 - Joker - PUT https://www.globes.co.il
2024-01-29 19:24:07 - Joker - GET https://www.israelhayom.co.il
2024-01-29 19:24:07 - Joker - DELETE https://www.ima.co.il
2024-01-29 19:24:07 - Joker - DELETE https://www.israelhayom.co.il
2024-01-29 19:24:07 - Joker - DELETE https://www.jpost.com
2024-01-29 19:24:07 - Joker - PUT https://www.israelhayom.co.il
2024-01-29 19:24:07 - Joker - PUT https://www.ynet.co.il
2024-01-29 19:24:07 - Joker - DELETE https://www.globes.co.il
2024-01-29 19:24:07 - Joker - GET https://www.mako.co.il
2024-01-29 19:24:07 - Joker - DELETE https://www.israelhayom.co.il
2024-01-29 19:24:07 - Joker - DELETE https://www.ima.co.il
2024-01-29 19:24:07 - Joker - DELETE https://www.haaretz.co.il
2024-01-29 19:24:07 - Joker - GET https://www.ima.co.il
2024-01-29 19:24:07 - Joker - PUT https://www.ima.co.il
2024-01-29 19:24:07 - Joker - GET https://www.ima.co.il
2024-01-29 19:24:07 - Joker - GET https://www.ynet.co.il
2024-01-29 19:24:07 - Joker - POST https://www.israelhayom.co.il
2024-01-29 19:24:07 - Joker - PUT https://www.globes.co.il
2024-01-29 19:24:07 - Joker - POST https://www.calcalist.co.il
2024-01-29 19:24:07 - Joker - POST https://www.calcalist.co.il
2024-01-29 19:24:07 - Joker - DELETE https://www.mako.co.il
2024-01-29 19:24:07 - Joker - DELETE https://www.haaretz.co.il
2024-01-29 19:24:07 - Joker - POST https://www.jpost.com
2024-01-29 19:24:07 - Joker - DELETE https://www.ima.co.il
2024-01-29 19:24:07 - Joker - DELETE https://www.calcalist.co.il
2024-01-29 19:24:07 - Joker - POST https://www.israelhayom.co.il
2024-01-29 19:24:07 - Joker - POST https://www.globes.co.il
2024-01-29 19:24:07 - Joker - GET https://www.ynet.co.il
2024-01-29 19:24:07 - Joker - PUT https://www.jpost.com
2024-01-29 19:24:07 - Joker - GET https://www.ima.co.il
2024-01-29 19:24:07 - Joker - PUT https://www.israelhayom.co.il
2024-01-29 19:24:07 - Joker - POST https://www.israelhayom.co.il
2024-01-29 19:24:07 - Joker - POST https://www.israelhayom.co.il
2024-01-29 19:24:07 - Joker - DELETE https://www.jpost.com
2024-01-29 19:24:07 - Joker - DELETE https://www.globes.co.il
2024-01-29 19:24:07 - Joker - POST https://www.ima.co.il
2024-01-29 19:24:07 - Joker - DELETE https://www.israelhayom.co.il
2024-01-29 19:24:07 - Joker - PUT https://www.mako.co.il
2024-01-29 19:24:07 - Joker - PUT https://www.globes.co.il
2024-01-29 19:24:07 - Joker - PUT https://www.jpost.com
2024-01-29 19:24:07 - Joker - DELETE https://www.calcalist.co.il
2024-01-29 19:24:07 - Joker - PUT https://www.haaretz.co.il
2024-01-29 19:24:07 - Joker - PUT https://www.ima.co.il
2024-01-29 19:24:07 - Joker - POST https://www.mako.co.il
2024-01-29 19:24:07 - Joker - POST https://www.calcalist.co.il
2024-01-29 19:24:07 - Joker - DELETE https://www.jpost.com
2024-01-29 19:24:07 - Joker - DELETE https://www.ynet.co.il
2024-01-29 19:24:07 - Joker - PUT https://www.mako.co.il
2024-01-29 19:24:07 - Joker - DELETE https://www.globes.co.il
2024-01-29 19:24:07 - Joker - PUT https://www.calcalist.co.il
2024-01-29 19:24:07 - Joker - DELETE https://www.ynet.co.il
2024-01-29 19:24:07 - Joker - POST https://www.israelhayom.co.il
2024-01-29 19:24:07 - Joker - POST https://www.israelhayom.co.il
2024-01-29 19:24:07 - Joker - POST https://www.calcalist.co.il
2024-01-29 19:24:07 - Joker - GET https://www.globes.co.il
2024-01-29 19:24:07 - Joker - PUT https://www.mako.co.il
2024-01-29 19:24:07 - Joker - POST https://www.jpost.com
2024-01-29 19:24:07 - Joker - PUT https://www.jpost.com
2024-01-29 19:24:07 - Joker - DELETE https://www.haaretz.co.il
2024-01-29 19:24:07 - Joker - DELETE https://www.israelhayom.co.il
2024-01-29 19:24:07 - Joker - DELETE https://www.haaretz.co.il
2024-01-29 19:24:07 - Joker - GET https://www.haaretz.co.il
2024-01-29 19:24:07 - Joker - GET https://www.israelhayom.co.il
2024-01-29 19:24:07 - Joker - GET https://www.calcalist.co.il
2024-01-29 19:24:07 - Joker - GET https://www.mako.co.il
2024-01-29 19:24:07 - Joker - PUT https://www.globes.co.il
2024-01-29 19:24:07 - Joker - POST https://www.globes.co.il
2024-01-29 19:24:07 - Joker - POST https://www.calcalist.co.il
2024-01-29 19:24:07 - Joker - POST https://www.haaretz.co.il
2024-01-29 19:24:07 - Joker - POST https://www.calcalist.co.il
2024-01-29 19:24:07 - Joker - PUT https://www.globes.co.il
2024-01-29 19:24:07 - Joker - GET https://www.mako.co.il
2024-01-29 19:24:07 - Joker - GET https://www.haaretz.co.il
2024-01-29 19:24:07 - Joker - PUT https://www.calcalist.co.il
2024-01-29 19:24:07 - Joker - PUT https://www.globes.co.il
2024-01-29 19:24:07 - Joker - DELETE https://www.haaretz.co.il
2024-01-29 19:24:07 - Joker - PUT https://www.haaretz.co.il
2024-01-29 19:24:07 - Joker - PUT https://www.jpost.com
2024-01-29 19:24:07 - Joker - DELETE https://www.ynet.co.il
2024-01-29 19:24:07 - Joker - DELETE https://www.haaretz.co.il
2024-01-29 19:24:07 - Joker - DELETE https://www.haaretz.co.il
2024-01-29 19:24:07 - Joker - POST https://www.globes.co.il
2024-01-29 19:24:07 - Joker - GET https://www.ynet.co.il
2024-01-29 19:24:07 - Joker - POST https://www.ynet.co.il
2024-01-29 19:24:07 - Joker - POST https://www.mako.co.il
2024-01-29 19:24:07 - Joker - GET https://www.mako.co.il
2024-01-29 19:24:07 - Joker - PUT https://www.haaretz.co.il
2024-01-29 19:24:07 - Joker - PUT https://www.calcalist.co.il
2024-01-29 19:24:07 - Joker - PUT https://www.israelhayom.co.il
2024-01-29 19:24:07 - Joker - DELETE https://www.globes.co.il
2024-01-29 19:24:07 - Joker - PUT https://www.calcalist.co.il
2024-01-29 19:24:07 - Joker - POST https://www.jpost.com
2024-01-29 19:24:07 - Joker - PUT https://www.ima.co.il
2024-01-29 19:24:07 - Joker - PUT https://www.ynet.co.il
2024-01-29 19:24:07 - Joker - POST https://www.ima.co.il
2024-01-29 19:24:07 - Joker - GET https://www.mako.co.il
2024-01-29 19:24:07 - Joker - PUT https://www.calcalist.co.il
2024-01-29 19:24:07 - Joker - PUT https://www.israelhayom.co.il
2024-01-29 19:24:07 - Joker - PUT https://www.mako.co.il
2024-01-29 19:24:07 - Joker - POST https://www.haaretz.co.il
2024-01-29 19:24:07 - Joker - DELETE https://www.globes.co.il
2024-01-29 19:24:07 - Joker - PUT https://www.globes.co.il
2024-01-29 19:24:07 - Joker - GET https://www.calcalist.co.il
2024-01-29 19:24:07 - Joker - DELETE https://www.jpost.com
2024-01-29 19:24:07 - Joker - GET https://www.ima.co.il
2024-01-29 19:24:07 - Joker - DELETE https://www.ynet.co.il
2024-01-29 19:24:07 - Joker - PUT https://www.mako.co.il
2024-01-29 19:24:07 - Joker - GET https://www.ima.co.il
2024-01-29 19:24:07 - Joker - PUT https://www.calcalist.co.il
2024-01-29 19:24:07 - Joker - POST https://www.calcalist.co.il
2024-01-29 19:24:07 - Joker - PUT https://www.jpost.com
2024-01-29 19:24:07 - Joker - PUT https://www.haaretz.co.il
2024-01-29 19:24:07 - Joker - PUT https://www.jpost.com
2024-01-29 19:24:07 - Joker - POST https://www.calcalist.co.il
2024-01-29 19:24:07 - Joker - POST https://www.mako.co.il
2024-01-29 19:24:07 - Joker - DELETE https://www.jpost.com
2024-01-29 19:24:07 - Joker - GET https://www.jpost.com
2024-01-29 19:24:07 - Joker - GET https://www.calcalist.co.il
2024-01-29 19:24:07 - Joker - GET https://www.globes.co.il
2024-01-29 19:24:07 - Joker - PUT https://www.ynet.co.il
2024-01-29 19:24:07 - Joker - DELETE https://www.globes.co.il
2024-01-29 19:24:07 - Joker - POST https://www.globes.co.il
2024-01-29 19:24:07 - Joker - GET https://www.globes.co.il
2024-01-29 19:24:07 - Joker - POST https://www.ynet.co.il
2024-01-29 19:24:07 - Joker - GET https://www.mako.co.il
2024-01-29 19:24:07 - Joker - GET https://www.ynet.co.il
2024-01-29 19:24:07 - Joker - DELETE https://www.ima.co.il
2024-01-29 19:24:07 - Joker - PUT https://www.ynet.co.il
2024-01-29 19:24:07 - Joker - POST https://www.calcalist.co.il
2024-01-29 19:24:07 - Joker - POST https://www.mako.co.il
2024-01-29 19:24:07 - Joker - PUT https://www.ynet.co.il
2024-01-29 19:24:07 - Joker - POST https://www.jpost.com
2024-01-29 19:24:07 - Joker - POST https://www.ynet.co.il
2024-01-29 19:24:07 - Joker - PUT https://www.ynet.co.il
2024-01-29 19:24:07 - Joker - PUT https://www.ynet.co.il
2024-01-29 19:24:07 - Joker - GET https://www.haaretz.co.il
2024-01-29 19:24:07 - Joker - GET https://www.ima.co.il
2024-01-29 19:24:07 - Joker - DELETE https://www.globes.co.il
2024-01-29 19:24:07 - Joker - PUT https://www.calcalist.co.il
2024-01-29 19:24:07 - Joker - PUT https://www.ima.co.il
2024-01-29 19:24:07 - Joker - PUT https://www.mako.co.il
2024-01-29 19:24:07 - Joker - DELETE https://www.ynet.co.il
2024-01-29 19:24:07 - Joker - PUT https://www.ynet.co.il
2024-01-29 19:24:07 - Joker - DELETE https://www.haaretz.co.il
2024-01-29 19:24:07 - Joker - GET https://www.jpost.com
2024-01-29 19:24:07 - Joker - POST https://www.ima.co.il
2024-01-29 19:24:07 - Joker - DELETE https://www.globes.co.il
2024-01-29 19:24:07 - Joker - DELETE https://www.israelhayom.co.il
2024-01-29 19:24:07 - Joker - DELETE https://www.haaretz.co.il
2024-01-29 19:24:07 - Joker - PUT https://www.mako.co.il
2024-01-29 19:24:07 - Joker - DELETE https://www.ima.co.il
2024-01-29 19:24:07 - Joker - GET https://www.jpost.com
2024-01-29 19:24:07 - Joker - POST https://www.globes.co.il
2024-01-29 19:24:07 - Joker - PUT https://www.globes.co.il
2024-01-29 19:24:07 - Joker - PUT https://www.haaretz.co.il
2024-01-29 19:24:07 - Joker - GET https://www.haaretz.co.il
2024-01-29 19:24:07 - Joker - POST https://www.calcalist.co.il
2024-01-29 19:24:07 - Joker - POST https://www.haaretz.co.il
2024-01-29 19:24:07 - Joker - GET https://www.haaretz.co.il
2024-01-29 19:24:07 - Joker - PUT https://www.calcalist.co.il
2024-01-29 19:24:07 - Joker - PUT https://www.mako.co.il
2024-01-29 19:24:07 - Joker - PUT https://www.ima.co.il
2024-01-29 19:24:07 - Joker - POST https://www.globes.co.il
2024-01-29 19:24:07 - Joker - POST https://www.ima.co.il
2024-01-29 19:24:07 - Joker - POST https://www.ynet.co.il
2024-01-29 19:24:07 - Joker - GET https://www.calcalist.co.il
2024-01-29 19:24:07 - Joker - POST https://www.israelhayom.co.il
2024-01-29 19:24:07 - Joker - DELETE https://www.haaretz.co.il
2024-01-29 19:24:07 - Joker - POST https://www.israelhayom.co.il
2024-01-29 19:24:07 - Joker - PUT https://www.haaretz.co.il
2024-01-29 19:24:07 - Joker - GET https://www.haaretz.co.il
2024-01-29 19:24:07 - Joker - POST https://www.calcalist.co.il
2024-01-29 19:24:07 - Joker - DELETE https://www.haaretz.co.il
2024-01-29 19:24:07 - Joker - DELETE https://www.mako.co.il
2024-01-29 19:24:07 - Joker - PUT https://www.calcalist.co.il
2024-01-29 19:24:07 - Joker - DELETE https://www.jpost.com
2024-01-29 19:24:07 - Joker - POST https://www.jpost.com
2024-01-29 19:24:07 - Joker - PUT https://www.israelhayom.co.il
2024-01-29 19:24:07 - Joker - DELETE https://www.israelhayom.co.il
2024-01-29 19:24:07 - Joker - DELETE https://www.mako.co.il
2024-01-29 19:24:07 - Joker - PUT https://www.calcalist.co.il
2024-01-29 19:24:07 - Joker - POST https://www.haaretz.co.il
2024-01-29 19:24:07 - Joker - DELETE https://www.mako.co.il
2024-01-29 19:24:07 - Joker - DELETE https://www.ima.co.il
2024-01-29 19:24:07 - Joker - PUT https://www.ynet.co.il
2024-01-29 19:24:07 - Joker - POST https://www.mako.co.il
2024-01-29 19:24:07 - Joker - DELETE https://www.mako.co.il
2024-01-29 19:24:07 - Joker - DELETE https://www.calcalist.co.il
2024-01-29 19:24:07 - Joker - PUT https://www.globes.co.il
2024-01-29 19:24:07 - Joker - POST https://www.mako.co.il
2024-01-29 19:24:07 - Joker - POST https://www.ima.co.il
2024-01-29 19:24:07 - Joker - GET https://www.ynet.co.il
2024-01-29 19:24:07 - Joker - PUT https://www.israelhayom.co.il
2024-01-29 19:24:07 - Joker - GET https://www.calcalist.co.il
2024-01-29 19:24:07 - Joker - POST https://www.jpost.com
2024-01-29 19:24:07 - Joker - POST https://www.haaretz.co.il
2024-01-29 19:24:07 - Joker - POST https://www.ynet.co.il
2024-01-29 19:24:07 - Joker - PUT https://www.israelhayom.co.il
2024-01-29 19:24:07 - Joker - GET https://www.ynet.co.il
2024-01-29 19:24:07 - Joker - DELETE https://www.israelhayom.co.il
2024-01-29 19:24:07 - Joker - POST https://www.calcalist.co.il
2024-01-29 19:24:07 - Joker - DELETE https://www.jpost.com
2024-01-29 19:24:07 - Joker - POST https://www.haaretz.co.il
2024-01-29 19:24:07 - Joker - DELETE https://www.haaretz.co.il
2024-01-29 19:24:07 - Joker - DELETE https://www.ima.co.il
2024-01-29 19:24:07 - Joker - POST https://www.mako.co.il
2024-01-29 19:24:07 - Joker - POST https://www.israelhayom.co.il
2024-01-29 19:24:07 - Joker - GET https://www.israelhayom.co.il
2024-01-29 19:24:07 - Joker - GET https://www.ima.co.il
2024-01-29 19:24:07 - Joker - DELETE https://www.globes.co.il
2024-01-29 19:24:07 - Joker - PUT https://www.haaretz.co.il
2024-01-29 19:24:07 - Joker - DELETE https://www.calcalist.co.il
2024-01-29 19:24:07 - Joker - DELETE https://www.israelhayom.co.il
2024-01-29 19:24:07 - Joker - PUT https://www.mako.co.il
2024-01-29 19:24:07 - Joker - PUT https://www.mako.co.il
2024-01-29 19:24:07 - Joker - POST https://www.mako.co.il
2024-01-29 19:24:07 - Joker - GET https://www.calcalist.co.il
2024-01-29 19:24:07 - Joker - POST https://www.calcalist.co.il
2024-01-29 19:24:07 - Joker - POST https://www.israelhayom.co.il
2024-01-29 19:24:07 - Joker - POST https://www.mako.co.il
2024-01-29 19:24:07 - Joker - POST https://www.mako.co.il
2024-01-29 19:24:07 - Joker - GET https://www.ima.co.il
2024-01-29 19:24:07 - Joker - POST https://www.calcalist.co.il
2024-01-29 19:24:07 - Joker - PUT https://www.ima.co.il
2024-01-29 19:24:07 - Joker - GET https://www.mako.co.il
2024-01-29 19:24:07 - Joker - DELETE https://www.mako.co.il
2024-01-29 19:24:07 - Joker - GET https://www.israelhayom.co.il
2024-01-29 19:24:07 - Joker - GET https://www.ima.co.il
2024-01-29 19:24:07 - Joker - DELETE https://www.ima.co.il
2024-01-29 19:24:07 - Joker - PUT https://www.ynet.co.il
2024-01-29 19:24:07 - Joker - POST https://www.globes.co.il
2024-01-29 19:24:07 - Joker - DELETE https://www.haaretz.co.il
2024-01-29 19:24:07 - Joker - POST https://www.ynet.co.il
2024-01-29 19:24:07 - Joker - DELETE https://www.ynet.co.il
2024-01-29 19:24:07 - Joker - PUT https://www.haaretz.co.il
2024-01-29 19:24:07 - Joker - POST https://www.mako.co.il
2024-01-29 19:24:07 - Joker - PUT https://www.haaretz.co.il
2024-01-29 19:24:07 - Joker - DELETE https://www.globes.co.il
2024-01-29 19:24:07 - Joker - GET https://www.mako.co.il
2024-01-29 19:24:07 - Joker - POST https://www.haaretz.co.il
2024-01-29 19:24:07 - Joker - POST https://www.haaretz.co.il
2024-01-29 19:24:07 - Joker - DELETE https://www.mako.co.il
2024-01-29 19:24:07 - Joker - POST https://www.mako.co.il
2024-01-29 19:24:07 - Joker - PUT https://www.ynet.co.il
2024-01-29 19:24:07 - Joker - POST https://www.jpost.com
2024-01-29 19:24:07 - Joker - DELETE https://www.globes.co.il
2024-01-29 19:24:07 - Joker - PUT https://www.israelhayom.co.il
2024-01-29 19:24:07 - Joker - DELETE https://www.haaretz.co.il
2024-01-29 19:24:07 - Joker - DELETE https://www.ima.co.il
2024-01-29 19:24:07 - Joker - GET https://www.ima.co.il
2024-01-29 19:24:07 - Joker - PUT https://www.jpost.com
2024-01-29 19:24:07 - Joker - PUT https://www.calcalist.co.il
2024-01-29 19:24:07 - Joker - DELETE https://www.ynet.co.il
2024-01-29 19:24:07 - Joker - GET https://www.calcalist.co.il
2024-01-29 19:24:07 - Joker - GET https://www.calcalist.co.il
2024-01-29 19:24:07 - Joker - DELETE https://www.globes.co.il
2024-01-29 19:24:07 - Joker - GET https://www.ima.co.il
2024-01-29 19:24:07 - Joker - GET https://www.haaretz.co.il
2024-01-29 19:24:07 - Joker - GET https://www.globes.co.il
2024-01-29 19:24:07 - Joker - POST https://www.ynet.co.il
2024-01-29 19:24:07 - Joker - PUT https://www.israelhayom.co.il
2024-01-29 19:24:07 - Joker - POST https://www.ima.co.il
2024-01-29 19:24:07 - Joker - PUT https://www.mako.co.il
2024-01-29 19:24:07 - Joker - GET https://www.mako.co.il
2024-01-29 19:24:07 - Joker - DELETE https://www.calcalist.co.il
2024-01-29 19:24:07 - Joker - PUT https://www.haaretz.co.il
2024-01-29 19:24:07 - Joker - POST https://www.ynet.co.il
2024-01-29 19:24:07 - Joker - DELETE https://www.ynet.co.il
2024-01-29 19:24:07 - Joker - GET https://www.mako.co.il
2024-01-29 19:24:07 - Joker - PUT https://www.israelhayom.co.il
2024-01-29 19:24:07 - Joker - DELETE https://www.ima.co.il
2024-01-29 19:24:07 - Joker - PUT https://www.ynet.co.il
2024-01-29 19:24:07 - Joker - POST https://www.haaretz.co.il
2024-01-29 19:24:07 - Joker - POST https://www.calcalist.co.il
2024-01-29 19:24:07 - Joker - DELETE https://www.ynet.co.il
2024-01-29 19:24:07 - Joker - GET https://www.mako.co.il
2024-01-29 19:24:07 - Joker - DELETE https://www.mako.co.il
2024-01-29 19:24:07 - Joker - POST https://www.ynet.co.il
2024-01-29 19:24:07 - Joker - DELETE https://www.israelhayom.co.il
2024-01-29 19:24:07 - Joker - POST https://www.jpost.com
2024-01-29 19:24:07 - Joker - GET https://www.ynet.co.il
2024-01-29 19:24:07 - Joker - PUT https://www.israelhayom.co.il
2024-01-29 19:24:07 - Joker - PUT https://www.calcalist.co.il
2024-01-29 19:24:07 - Joker - DELETE https://www.haaretz.co.il
2024-01-29 19:24:07 - Joker - POST https://www.globes.co.il
2024-01-29 19:24:07 - Joker - PUT https://www.mako.co.il
2024-01-29 19:24:07 - Joker - DELETE https://www.ima.co.il
2024-01-29 19:24:07 - Joker - DELETE https://www.globes.co.il
2024-01-29 19:24:07 - Joker - POST https://www.jpost.com
2024-01-29 19:24:07 - Joker - POST https://www.haaretz.co.il
2024-01-29 19:24:07 - Joker - PUT https://www.ynet.co.il
2024-01-29 19:24:07 - Joker - POST https://www.jpost.com
2024-01-29 19:24:07 - Joker - DELETE https://www.israelhayom.co.il
2024-01-29 19:24:07 - Joker - GET https://www.jpost.com
2024-01-29 19:24:07 - Joker - DELETE https://www.haaretz.co.il
2024-01-29 19:24:07 - Joker - DELETE https://www.mako.co.il
2024-01-29 19:24:07 - Joker - DELETE https://www.calcalist.co.il
2024-01-29 19:24:07 - Joker - POST https://www.israelhayom.co.il
2024-01-29 19:24:07 - Joker - GET https://www.globes.co.il
2024-01-29 19:24:07 - Joker - DELETE https://www.ima.co.il
2024-01-29 19:24:07 - Joker - DELETE https://www.jpost.com
2024-01-29 19:24:07 - Joker - PUT https://www.ima.co.il
2024-01-29 19:24:07 - Joker - POST https://www.jpost.com
2024-01-29 19:24:07 - Joker - PUT https://www.ynet.co.il
2024-01-29 19:24:07 - Joker - POST https://www.globes.co.il
2024-01-29 19:24:07 - Joker - PUT https://www.globes.co.il
2024-01-29 19:24:07 - Joker - PUT https://www.ima.co.il
2024-01-29 19:24:07 - Joker - GET https://www.israelhayom.co.il
2024-01-29 19:24:07 - Joker - DELETE https://www.israelhayom.co.il
2024-01-29 19:24:07 - Joker - GET https://www.haaretz.co.il
2024-01-29 19:24:07 - Joker - PUT https://www.globes.co.il
2024-01-29 19:24:07 - Joker - PUT https://www.haaretz.co.il
2024-01-29 19:24:07 - Joker - DELETE https://www.jpost.com
2024-01-29 19:24:07 - Joker - DELETE https://www.israelhayom.co.il
2024-01-29 19:24:07 - Joker - DELETE https://www.ynet.co.il
2024-01-29 19:24:07 - Joker - PUT https://www.jpost.com
2024-01-29 19:24:07 - Joker - PUT https://www.haaretz.co.il
2024-01-29 19:24:07 - Joker - POST https://www.calcalist.co.il
2024-01-29 19:24:07 - Joker - POST https://www.calcalist.co.il
2024-01-29 19:24:07 - Joker - GET https://www.israelhayom.co.il
2024-01-29 19:24:07 - Joker - PUT https://www.israelhayom.co.il
2024-01-29 19:24:07 - Joker - POST https://www.ima.co.il
2024-01-29 19:24:07 - Joker - DELETE https://www.israelhayom.co.il
2024-01-29 19:24:07 - Joker - DELETE https://www.israelhayom.co.il
2024-01-29 19:24:07 - Joker - GET https://www.jpost.com
2024-01-29 19:24:07 - Joker - GET https://www.ynet.co.il
2024-01-29 19:24:07 - Joker - PUT https://www.mako.co.il
2024-01-29 19:24:07 - Joker - GET https://www.ynet.co.il
2024-01-29 19:24:07 - Joker - PUT https://www.ynet.co.il
2024-01-29 19:24:07 - Joker - GET https://www.jpost.com
2024-01-29 19:24:07 - Joker - DELETE https://www.globes.co.il
2024-01-29 19:24:07 - Joker - POST https://www.ynet.co.il
2024-01-29 19:24:07 - Joker - PUT https://www.globes.co.il
2024-01-29 19:24:07 - Joker - POST https://www.israelhayom.co.il
2024-01-29 19:24:07 - Joker - PUT https://www.haaretz.co.il
2024-01-29 19:24:07 - Joker - PUT https://www.jpost.com
2024-01-29 19:24:07 - Joker - POST https://www.israelhayom.co.il
2024-01-29 19:24:07 - Joker - DELETE https://www.mako.co.il
2024-01-29 19:24:07 - Joker - DELETE https://www.ynet.co.il
2024-01-29 19:24:07 - Joker - POST https://www.calcalist.co.il
2024-01-29 19:24:07 - Joker - DELETE https://www.calcalist.co.il
2024-01-29 19:24:07 - Joker - GET https://www.ima.co.il
2024-01-29 19:24:07 - Joker - GET https://www.globes.co.il
2024-01-29 19:24:07 - Joker - POST https://www.globes.co.il
2024-01-29 19:24:07 - Joker - PUT https://www.ynet.co.il
